{
  "stats": {
    "suites": 1,
    "tests": 2,
    "passes": 2,
    "pending": 0,
    "failures": 0,
    "start": "2025-10-01T20:02:42.629Z",
    "end": "2025-10-01T20:02:52.811Z",
    "duration": 10182,
    "testsRegistered": 2,
    "passPercent": 100,
    "pendingPercent": 0,
    "other": 0,
    "hasOther": false,
    "skipped": 0,
    "hasSkipped": false
  },
  "results": [
    {
      "uuid": "33637e47-d5c6-436f-894f-a38e40798c70",
      "title": "",
      "fullFile": "cypress\\e2e\\login.spec.cy.js",
      "file": "cypress\\e2e\\login.spec.cy.js",
      "beforeHooks": [],
      "afterHooks": [],
      "tests": [],
      "suites": [
        {
          "uuid": "f978dcd7-7b8e-470b-8477-0379c7d7d65d",
          "title": "Login Tests",
          "fullFile": "",
          "file": "",
          "beforeHooks": [],
          "afterHooks": [],
          "tests": [
            {
              "title": "Login with valid credentials",
              "fullTitle": "Login Tests Login with valid credentials",
              "timedOut": null,
              "duration": 4348,
              "state": "passed",
              "speed": "fast",
              "pass": true,
              "fail": false,
              "pending": false,
              "context": null,
              "code": "cy.fixture('user').then(user => {\n  _loginPage.default.login(user.valid.username, user.valid.password);\n  cy.url().should('include', '/logged-in-successfully');\n});",
              "err": {},
              "uuid": "ab14e47d-8798-40e8-8531-b83135eb3f22",
              "parentUUID": "f978dcd7-7b8e-470b-8477-0379c7d7d65d",
              "isHook": false,
              "skipped": false
            },
            {
              "title": "Login with invalid credentials",
              "fullTitle": "Login Tests Login with invalid credentials",
              "timedOut": null,
              "duration": 1721,
              "state": "passed",
              "speed": "fast",
              "pass": true,
              "fail": false,
              "pending": false,
              "context": null,
              "code": "_loginPage.default.login('wrongUser', 'wrongPass');\n_loginPage.default.elements.errorMessage().should('be.visible');",
              "err": {},
              "uuid": "7c1f863d-47d9-4f62-be64-8a585b5b86b0",
              "parentUUID": "f978dcd7-7b8e-470b-8477-0379c7d7d65d",
              "isHook": false,
              "skipped": false
            }
          ],
          "suites": [],
          "passes": [
            "ab14e47d-8798-40e8-8531-b83135eb3f22",
            "7c1f863d-47d9-4f62-be64-8a585b5b86b0"
          ],
          "failures": [],
          "pending": [],
          "skipped": [],
          "duration": 6069,
          "root": false,
          "rootEmpty": false,
          "_timeout": 2000
        }
      ],
      "passes": [],
      "failures": [],
      "pending": [],
      "skipped": [],
      "duration": 0,
      "root": true,
      "rootEmpty": true,
      "_timeout": 2000
    }
  ],
  "meta": {
    "mocha": {
      "version": "7.2.0"
    },
    "mochawesome": {
      "options": {
        "quiet": false,
        "reportFilename": "mochawesome",
        "saveHtml": true,
        "saveJson": true,
        "consoleReporter": "spec",
        "useInlineDiffs": false,
        "code": true
      },
      "version": "7.1.4"
    },
    "marge": {
      "options": {
        "reportDir": "mochawesome-report",
        "charts": true,
        "reportPageTitle": "Custom Report",
        "embeddedScreenshots": true,
        "inlineAssets": true,
        "saveAllAttempts": false,
        "html": true,
        "json": true,
        "overwrite": false,
        "jsonFile": "mochawesome-report/.jsons/report"
      },
      "version": "6.3.0"
    }
  }
}