{
  "stats": {
    "suites": 1,
    "tests": 1,
    "passes": 1,
    "pending": 0,
    "failures": 0,
    "start": "2025-10-01T20:02:54.424Z",
    "end": "2025-10-01T20:02:56.161Z",
    "duration": 1737,
    "testsRegistered": 1,
    "passPercent": 100,
    "pendingPercent": 0,
    "other": 0,
    "hasOther": false,
    "skipped": 0,
    "hasSkipped": false
  },
  "results": [
    {
      "uuid": "744322ec-3b0b-4e89-ac65-02f60734909a",
      "title": "",
      "fullFile": "cypress\\e2e\\spec.cy.js",
      "file": "cypress\\e2e\\spec.cy.js",
      "beforeHooks": [],
      "afterHooks": [],
      "tests": [],
      "suites": [
        {
          "uuid": "fdb413d1-91d5-4b93-bcd4-b143e8ff3422",
          "title": "template spec",
          "fullFile": "",
          "file": "",
          "beforeHooks": [],
          "afterHooks": [],
          "tests": [
            {
              "title": "passes",
              "fullTitle": "template spec passes",
              "timedOut": null,
              "duration": 534,
              "state": "passed",
              "speed": "fast",
              "pass": true,
              "fail": false,
              "pending": false,
              "context": null,
              "code": "cy.visit('https://example.cypress.io');",
              "err": {},
              "uuid": "333ca1ff-f25f-477a-8fd4-a4f8cb1da0ea",
              "parentUUID": "fdb413d1-91d5-4b93-bcd4-b143e8ff3422",
              "isHook": false,
              "skipped": false
            }
          ],
          "suites": [],
          "passes": [
            "333ca1ff-f25f-477a-8fd4-a4f8cb1da0ea"
          ],
          "failures": [],
          "pending": [],
          "skipped": [],
          "duration": 534,
          "root": false,
          "rootEmpty": false,
          "_timeout": 2000
        }
      ],
      "passes": [],
      "failures": [],
      "pending": [],
      "skipped": [],
      "duration": 0,
      "root": true,
      "rootEmpty": true,
      "_timeout": 2000
    }
  ],
  "meta": {
    "mocha": {
      "version": "7.2.0"
    },
    "mochawesome": {
      "options": {
        "quiet": false,
        "reportFilename": "mochawesome",
        "saveHtml": true,
        "saveJson": true,
        "consoleReporter": "spec",
        "useInlineDiffs": false,
        "code": true
      },
      "version": "7.1.4"
    },
    "marge": {
      "options": {
        "reportDir": "mochawesome-report",
        "charts": true,
        "reportPageTitle": "Custom Report",
        "embeddedScreenshots": true,
        "inlineAssets": true,
        "saveAllAttempts": false,
        "html": true,
        "json": true,
        "overwrite": false,
        "jsonFile": "mochawesome-report/.jsons/report"
      },
      "version": "6.3.0"
    }
  }
}